c:\users\flourite\documents\project4_congyou_liu\codeanalyzer\analyzer\debug\vc141.pdb
c:\users\flourite\documents\project4_congyou_liu\codeanalyzer\analyzer\debug\vc141.idb
c:\users\flourite\documents\project4_congyou_liu\codeanalyzer\analyzer\debug\abstrsyntree.obj
c:\users\flourite\documents\project4_congyou_liu\codeanalyzer\analyzer\debug\filemgr.obj
c:\users\flourite\documents\project4_congyou_liu\codeanalyzer\analyzer\debug\filesystem.obj
c:\users\flourite\documents\project4_congyou_liu\codeanalyzer\analyzer\debug\grammarhelpers.obj
c:\users\flourite\documents\project4_congyou_liu\codeanalyzer\analyzer\debug\logger.obj
c:\users\flourite\documents\project4_congyou_liu\codeanalyzer\analyzer\debug\actionsandrules.obj
c:\users\flourite\documents\project4_congyou_liu\codeanalyzer\analyzer\debug\configureparser.obj
c:\users\flourite\documents\project4_congyou_liu\codeanalyzer\analyzer\debug\parser.obj
c:\users\flourite\documents\project4_congyou_liu\codeanalyzer\analyzer\debug\scopestack.obj
c:\users\flourite\documents\project4_congyou_liu\codeanalyzer\analyzer\debug\semiexp.obj
c:\users\flourite\documents\project4_congyou_liu\codeanalyzer\analyzer\debug\tokenizer.obj
c:\users\flourite\documents\project4_congyou_liu\codeanalyzer\analyzer\debug\utilities.obj
c:\users\flourite\documents\project4_congyou_liu\codeanalyzer\analyzer\debug\executive.obj
c:\users\flourite\documents\project4_congyou_liu\debug\codeanalyzer.ilk
c:\users\flourite\documents\project4_congyou_liu\debug\codeanalyzer.exe
c:\users\flourite\documents\project4_congyou_liu\debug\codeanalyzer.pdb
c:\users\flourite\documents\project4_congyou_liu\codeanalyzer\analyzer\debug\codeanalyzer.tlog\cl.command.1.tlog
c:\users\flourite\documents\project4_congyou_liu\codeanalyzer\analyzer\debug\codeanalyzer.tlog\cl.read.1.tlog
c:\users\flourite\documents\project4_congyou_liu\codeanalyzer\analyzer\debug\codeanalyzer.tlog\cl.write.1.tlog
c:\users\flourite\documents\project4_congyou_liu\codeanalyzer\analyzer\debug\codeanalyzer.tlog\link.command.1.tlog
c:\users\flourite\documents\project4_congyou_liu\codeanalyzer\analyzer\debug\codeanalyzer.tlog\link.read.1.tlog
c:\users\flourite\documents\project4_congyou_liu\codeanalyzer\analyzer\debug\codeanalyzer.tlog\link.write.1.tlog
